WARNING clustering 100000 points to 16000 centroids: please provide at least 624000 training points
Time taken to read training set: 0.0209s
Training level-1 quantizer
Training L2 quantizer on 100000 vectors in 128D
Adding centroids to quantizer
hnsw_add_vertices: adding 16000 elements on top of 0 (preset_levels=0)
  max_level = 2
Adding 1 elements at level 2
Adding 124 elements at level 1
Adding 15875 elements at level 0
Done in 1864.791 ms
Training IVF residual
IndexIVF: no residual training
Time taken to train index: 57.6715s
Time taken to read training set: 57.8085s
IndexIVFFlat::add_core: added 1000000 / 1000000 vectors
Time taken to add base vectors to the index: 36.8243s
Time taken to read query set: 0.0033s
Time taken to read groundtruth: 0.0028s
Time taken to search 10000 queries: 1.4490s
R@1 = 0.8206
R@10 = 0.8266
R@100 = 0.8266
