WARNING clustering 100000 points to 16000 centroids: please provide at least 624000 training points
Time taken to read training set: 0.0176s
Training level-1 quantizer
Training L2 quantizer on 100000 vectors in 128D
Adding centroids to quantizer
hnsw_add_vertices: adding 16000 elements on top of 0 (preset_levels=0)
  max_level = 2
Adding 1 elements at level 2
Adding 124 elements at level 1
Adding 15875 elements at level 0
Done in 1776.259 ms
Training IVF residual
IndexIVF: no residual training
Time taken to train index: 56.9759s
Time taken to read training set: 57.0886s
IndexIVFFlat::add_core: added 1000000 / 1000000 vectors
Time taken to add base vectors to the index: 36.3828s
Time taken to read query set: 0.0026s
Time taken to read groundtruth: 0.0009s
Time taken to search 10000 queries: 1.0802s
R@1 = 0.7675
R@10 = 0.7734
R@100 = 0.7734
