Time taken to read training set: 0.0201s
Training level-1 quantizer
Training L2 quantizer on 100000 vectors in 128D
Adding centroids to quantizer
hnsw_add_vertices: adding 165 elements on top of 0 (preset_levels=0)
  max_level = 1
Adding 4 elements at level 1
Adding 161 elements at level 0
Done in 9.938 ms
Training IVF residual
IndexIVF: no residual training
Time taken to train index: 0.4092s
Time taken to read training set: 0.5565s
IndexIVFFlat::add_core: added 1000000 / 1000000 vectors
Time taken to add base vectors to the index: 7.3141s
Time taken to read query set: 0.0022s
Time taken to read groundtruth: 0.0008s
Time taken to search 10000 queries: 20.0664s
R@1 = 0.9232
R@10 = 0.9311
R@100 = 0.9311
