num_threads: 56
Time taken to read training set: 0.2925s
Training level-1 quantizer
Training L2 quantizer on 1000000 vectors in 128D
Clustering 1000000 points in 128D to 10000 clusters, redo 1 times, 10 iterations
  Preprocessing in 0.57 s
  Iteration 0 (67.45 s, search 67.32 s): objective=5.92911e+10 imbalance=1.771 nsplit=3         Iteration 1 (134.54 s, search 134.34 s): objective=4.34677e+10 imbalance=1.368 nsplit=0         Iteration 2 (201.66 s, search 201.40 s): objective=4.22134e+10 imbalance=1.281 nsplit=0         Iteration 3 (268.81 s, search 268.46 s): objective=4.16853e+10 imbalance=1.244 nsplit=0         Iteration 4 (335.81 s, search 335.38 s): objective=4.13846e+10 imbalance=1.225 nsplit=0         Iteration 5 (403.24 s, search 402.75 s): objective=4.11885e+10 imbalance=1.213 nsplit=0         Iteration 6 (470.40 s, search 469.84 s): objective=4.10514e+10 imbalance=1.205 nsplit=0         Iteration 7 (537.65 s, search 537.00 s): objective=4.09481e+10 imbalance=1.199 nsplit=0         Iteration 8 (604.95 s, search 604.23 s): objective=4.08702e+10 imbalance=1.195 nsplit=0         Iteration 9 (672.07 s, search 671.26 s): objective=4.08091e+10 imbalance=1.192 nsplit=0       
Adding centroids to quantizer
hnsw.efConstruction: 40
hnsw.efSearch: 16
hnsw_add_vertices: adding 10000 elements on top of 0 (preset_levels=0)
  max_level = 1
Adding 67 elements at level 1
Adding 9933 elements at level 0
Done in 340.469 ms
Training IVF residual
IndexIVF: no residual training
Time taken to train index: 672.9902s
Time taken to read base set: 0.2699s
IndexIVFFlat::add_core: added 1000000 / 1000000 vectors
Time taken to add base vectors to the index: 10.5484s
Time taken to read query set: 0.0030s
Time taken to read groundtruth: 0.0036s
Time taken to search 10000 queries: 2.3075s
R@1 = 0.9703
R@10 = 0.9786
R@100 = 0.9786
