num_threads: 28
Time taken to read training set: 0.2848s
hnsw.efConstruction: 120
hnsw.efSearch: 32
Training level-1 quantizer
Training L2 quantizer on 1000000 vectors in 128D
Clustering 1000000 points in 128D to 10000 clusters, redo 1 times, 10 iterations
  Preprocessing in 0.51 s
  Iteration 0 (63.62 s, search 63.50 s): objective=5.92911e+10 imbalance=1.771 nsplit=3         Iteration 1 (126.05 s, search 125.83 s): objective=4.34677e+10 imbalance=1.368 nsplit=0         Iteration 2 (188.55 s, search 188.22 s): objective=4.22134e+10 imbalance=1.281 nsplit=0         Iteration 3 (251.31 s, search 250.89 s): objective=4.16853e+10 imbalance=1.244 nsplit=0         Iteration 4 (312.08 s, search 311.59 s): objective=4.13846e+10 imbalance=1.225 nsplit=0         Iteration 5 (373.80 s, search 373.23 s): objective=4.11885e+10 imbalance=1.213 nsplit=0         Iteration 6 (436.15 s, search 435.47 s): objective=4.10514e+10 imbalance=1.205 nsplit=0         Iteration 7 (499.61 s, search 498.86 s): objective=4.09481e+10 imbalance=1.199 nsplit=0         Iteration 8 (560.06 s, search 559.21 s): objective=4.08702e+10 imbalance=1.195 nsplit=0         Iteration 9 (617.84 s, search 616.89 s): objective=4.08091e+10 imbalance=1.192 nsplit=0       
Adding centroids to quantizer
hnsw.efConstruction: 120
hnsw.efSearch: 32
hnsw_add_vertices: adding 10000 elements on top of 0 (preset_levels=0)
  max_level = 1
Adding 67 elements at level 1
Adding 9933 elements at level 0
Done in 899.303 ms
Training IVF residual
IndexIVF: no residual training
Time taken to train index: 619.2479s
Time taken to read base set: 0.2869s
IndexIVFFlat::add_core: added 1000000 / 1000000 vectors
Time taken to add base vectors to the index: 23.6013s
Time taken to read query set: 0.0018s
Time taken to read groundtruth: 0.0021s
Time taken to search 10000 queries: 2.4974s
R@1 = 0.9745
R@10 = 0.9828
R@100 = 0.9828
