num_threads: 28
Time taken to read training set: 0.2744s
hnsw.efConstruction: 160
hnsw.efSearch: 64
Training level-1 quantizer
Training L2 quantizer on 1000000 vectors in 128D
Clustering 1000000 points in 128D to 10000 clusters, redo 1 times, 10 iterations
  Preprocessing in 0.50 s
  Iteration 0 (62.57 s, search 62.41 s): objective=5.92911e+10 imbalance=1.771 nsplit=3         Iteration 1 (123.59 s, search 123.34 s): objective=4.34677e+10 imbalance=1.368 nsplit=0         Iteration 2 (186.39 s, search 186.05 s): objective=4.22134e+10 imbalance=1.281 nsplit=0         Iteration 3 (248.07 s, search 247.68 s): objective=4.16853e+10 imbalance=1.244 nsplit=0         Iteration 4 (307.65 s, search 307.19 s): objective=4.13846e+10 imbalance=1.225 nsplit=0         Iteration 5 (367.17 s, search 366.63 s): objective=4.11885e+10 imbalance=1.213 nsplit=0         Iteration 6 (429.81 s, search 429.18 s): objective=4.10514e+10 imbalance=1.205 nsplit=0         Iteration 7 (492.36 s, search 491.64 s): objective=4.09481e+10 imbalance=1.199 nsplit=0         Iteration 8 (556.41 s, search 555.60 s): objective=4.08702e+10 imbalance=1.195 nsplit=0         Iteration 9 (619.40 s, search 618.51 s): objective=4.08091e+10 imbalance=1.192 nsplit=0       
Adding centroids to quantizer
hnsw.efConstruction: 160
hnsw.efSearch: 64
hnsw_add_vertices: adding 10000 elements on top of 0 (preset_levels=0)
  max_level = 1
Adding 67 elements at level 1
Adding 9933 elements at level 0
Done in 1040.022 ms
Training IVF residual
IndexIVF: no residual training
Time taken to train index: 620.9447s
Time taken to read base set: 0.2859s
IndexIVFFlat::add_core: added 1000000 / 1000000 vectors
Time taken to add base vectors to the index: 35.4849s
Time taken to read query set: 0.0020s
Time taken to read groundtruth: 0.0021s
Time taken to search 10000 queries: 2.3562s
R@1 = 0.9745
R@10 = 0.9828
R@100 = 0.9828
