Time taken to read training set: 0.2945s
Training level-1 quantizer
Training L2 quantizer on 1000000 vectors in 128D
Clustering 1000000 points in 128D to 10000 clusters, redo 1 times, 10 iterations
  Preprocessing in 0.50 s
  Iteration 0 (100.55 s, search 100.42 s): objective=5.92911e+10 imbalance=1.771 nsplit=3         Iteration 1 (198.42 s, search 198.22 s): objective=4.34677e+10 imbalance=1.368 nsplit=0         Iteration 2 (297.42 s, search 297.13 s): objective=4.22134e+10 imbalance=1.281 nsplit=0         Iteration 3 (395.65 s, search 395.27 s): objective=4.16853e+10 imbalance=1.244 nsplit=0         Iteration 4 (493.29 s, search 492.82 s): objective=4.13846e+10 imbalance=1.225 nsplit=0         Iteration 5 (593.38 s, search 592.83 s): objective=4.11885e+10 imbalance=1.213 nsplit=0         Iteration 6 (693.52 s, search 692.88 s): objective=4.10514e+10 imbalance=1.205 nsplit=0         Iteration 7 (794.79 s, search 794.08 s): objective=4.09481e+10 imbalance=1.199 nsplit=0         Iteration 8 (897.56 s, search 896.76 s): objective=4.08702e+10 imbalance=1.195 nsplit=0         Iteration 9 (995.35 s, search 994.49 s): objective=4.08091e+10 imbalance=1.192 nsplit=0       
Adding centroids to quantizer
hnsw.efConstruction: 40
hnsw.efSearch: 16
hnsw_add_vertices: adding 10000 elements on top of 0 (preset_levels=0)
  max_level = 1
Adding 67 elements at level 1
Adding 9933 elements at level 0
Done in 313.914 ms
Training IVF residual
IndexIVF: no residual training
Time taken to train index: 996.1707s
Time taken to read training set: 996.4710s
IndexIVFFlat::add_core: added 1000000 / 1000000 vectors
Time taken to add base vectors to the index: 10.7201s
Time taken to read query set: 0.0019s
Time taken to read groundtruth: 0.0022s
Time taken to search 10000 queries: 2.1305s
R@1 = 0.9702
R@10 = 0.9784
R@100 = 0.9784
