num_threads: 8
Time taken to read training set: 0.2906s
Training level-1 quantizer
Training L2 quantizer on 1000000 vectors in 128D
Clustering 1000000 points in 128D to 10000 clusters, redo 1 times, 10 iterations
  Preprocessing in 0.50 s
  Iteration 0 (78.11 s, search 77.90 s): objective=5.92911e+10 imbalance=1.771 nsplit=3         Iteration 1 (154.98 s, search 154.58 s): objective=4.34677e+10 imbalance=1.368 nsplit=0         Iteration 2 (231.68 s, search 231.10 s): objective=4.22134e+10 imbalance=1.281 nsplit=0         Iteration 3 (309.54 s, search 308.78 s): objective=4.16853e+10 imbalance=1.244 nsplit=0         Iteration 4 (386.97 s, search 386.02 s): objective=4.13846e+10 imbalance=1.225 nsplit=0         Iteration 5 (463.78 s, search 462.65 s): objective=4.11885e+10 imbalance=1.213 nsplit=0         Iteration 6 (540.55 s, search 539.25 s): objective=4.10514e+10 imbalance=1.205 nsplit=0         Iteration 7 (617.51 s, search 616.02 s): objective=4.09481e+10 imbalance=1.199 nsplit=0         Iteration 8 (694.53 s, search 692.87 s): objective=4.08702e+10 imbalance=1.195 nsplit=0         Iteration 9 (771.73 s, search 769.90 s): objective=4.08091e+10 imbalance=1.192 nsplit=0       
Adding centroids to quantizer
hnsw.efConstruction: 40
hnsw.efSearch: 16
hnsw_add_vertices: adding 10000 elements on top of 0 (preset_levels=0)
  max_level = 1
Adding 67 elements at level 1
Adding 9933 elements at level 0
Done in 997.188 ms
Training IVF residual
IndexIVF: no residual training
Time taken to train index: 773.2367s
Time taken to read base set: 0.2902s
IndexIVFFlat::add_core: added 1000000 / 1000000 vectors
Time taken to add base vectors to the index: 39.0949s
Time taken to read query set: 0.0028s
Time taken to read groundtruth: 0.0034s
Time taken to search 10000 queries: 6.9521s
R@1 = 0.9712
R@10 = 0.9794
R@100 = 0.9794
