num_threads: 28
Time taken to read training set: 0.2798s
hnsw.efConstruction: 1000
hnsw.efSearch: 64
Training level-1 quantizer
Training L2 quantizer on 1000000 vectors in 128D
Clustering 1000000 points in 128D to 10000 clusters, redo 1 times, 10 iterations
  Preprocessing in 0.51 s
  Iteration 0 (60.89 s, search 60.77 s): objective=5.92911e+10 imbalance=1.771 nsplit=3         Iteration 1 (123.52 s, search 123.31 s): objective=4.34677e+10 imbalance=1.368 nsplit=0         Iteration 2 (187.51 s, search 187.21 s): objective=4.22134e+10 imbalance=1.281 nsplit=0         Iteration 3 (248.03 s, search 247.62 s): objective=4.16853e+10 imbalance=1.244 nsplit=0         Iteration 4 (310.08 s, search 309.60 s): objective=4.13846e+10 imbalance=1.225 nsplit=0         Iteration 5 (372.55 s, search 371.97 s): objective=4.11885e+10 imbalance=1.213 nsplit=0         Iteration 6 (436.88 s, search 436.22 s): objective=4.10514e+10 imbalance=1.205 nsplit=0         Iteration 7 (494.08 s, search 493.34 s): objective=4.09481e+10 imbalance=1.199 nsplit=0         Iteration 8 (552.34 s, search 551.53 s): objective=4.08702e+10 imbalance=1.195 nsplit=0         Iteration 9 (612.20 s, search 611.32 s): objective=4.08091e+10 imbalance=1.192 nsplit=0       
Adding centroids to quantizer
hnsw.efConstruction: 1000
hnsw.efSearch: 64
hnsw_add_vertices: adding 10000 elements on top of 0 (preset_levels=0)
  max_level = 1
Adding 67 elements at level 1
Adding 9933 elements at level 0
Done in 2241.475 ms
Training IVF residual
IndexIVF: no residual training
Time taken to train index: 614.9594s
Time taken to read base set: 0.2748s
IndexIVFFlat::add_core: added 1000000 / 1000000 vectors
Time taken to add base vectors to the index: 15.8013s
Time taken to read query set: 0.0030s
Time taken to read groundtruth: 0.0022s
Time taken to search 10000 queries: 2.4557s
R@1 = 0.9730
R@10 = 0.9813
R@100 = 0.9813
