num_threads: 14
Time taken to read training set: 0.2678s
Training level-1 quantizer
Training L2 quantizer on 1000000 vectors in 128D
Clustering 1000000 points in 128D to 10000 clusters, redo 1 times, 10 iterations
  Preprocessing in 0.57 s
  Iteration 0 (74.58 s, search 74.39 s): objective=5.92911e+10 imbalance=1.771 nsplit=3         Iteration 1 (148.91 s, search 148.58 s): objective=4.34677e+10 imbalance=1.368 nsplit=0         Iteration 2 (223.05 s, search 222.57 s): objective=4.22134e+10 imbalance=1.281 nsplit=0         Iteration 3 (297.13 s, search 296.49 s): objective=4.16853e+10 imbalance=1.244 nsplit=0         Iteration 4 (371.54 s, search 370.76 s): objective=4.13846e+10 imbalance=1.225 nsplit=0         Iteration 5 (445.64 s, search 444.73 s): objective=4.11885e+10 imbalance=1.213 nsplit=0         Iteration 6 (520.01 s, search 518.98 s): objective=4.10514e+10 imbalance=1.205 nsplit=0         Iteration 7 (594.47 s, search 593.31 s): objective=4.09481e+10 imbalance=1.199 nsplit=0         Iteration 8 (668.63 s, search 667.35 s): objective=4.08702e+10 imbalance=1.195 nsplit=0         Iteration 9 (742.95 s, search 741.53 s): objective=4.08091e+10 imbalance=1.192 nsplit=0       
Adding centroids to quantizer
hnsw.efConstruction: 40
hnsw.efSearch: 16
hnsw_add_vertices: adding 10000 elements on top of 0 (preset_levels=0)
  max_level = 1
Adding 67 elements at level 1
Adding 9933 elements at level 0
Done in 634.172 ms
Training IVF residual
IndexIVF: no residual training
Time taken to train index: 744.1627s
Time taken to read base set: 0.2980s
IndexIVFFlat::add_core: added 1000000 / 1000000 vectors
Time taken to add base vectors to the index: 22.7175s
Time taken to read query set: 0.0029s
Time taken to read groundtruth: 0.0036s
Time taken to search 10000 queries: 4.2750s
R@1 = 0.9715
R@10 = 0.9798
R@100 = 0.9798
