num_threads: 28
Time taken to read training set: 0.2592s
hnsw.efConstruction: 80
hnsw.efSearch: 64
Training level-1 quantizer
Training L2 quantizer on 1000000 vectors in 128D
Clustering 1000000 points in 128D to 10000 clusters, redo 1 times, 10 iterations
  Preprocessing in 0.51 s
  Iteration 0 (63.06 s, search 62.91 s): objective=5.92911e+10 imbalance=1.771 nsplit=3         Iteration 1 (127.03 s, search 126.79 s): objective=4.34677e+10 imbalance=1.368 nsplit=0         Iteration 2 (189.18 s, search 188.86 s): objective=4.22134e+10 imbalance=1.281 nsplit=0         Iteration 3 (253.22 s, search 252.80 s): objective=4.16853e+10 imbalance=1.244 nsplit=0         Iteration 4 (317.44 s, search 316.92 s): objective=4.13846e+10 imbalance=1.225 nsplit=0         Iteration 5 (379.23 s, search 378.61 s): objective=4.11885e+10 imbalance=1.213 nsplit=0         Iteration 6 (441.68 s, search 440.97 s): objective=4.10514e+10 imbalance=1.205 nsplit=0         Iteration 7 (503.30 s, search 502.50 s): objective=4.09481e+10 imbalance=1.199 nsplit=0         Iteration 8 (565.97 s, search 565.09 s): objective=4.08702e+10 imbalance=1.195 nsplit=0         Iteration 9 (629.18 s, search 628.21 s): objective=4.08091e+10 imbalance=1.192 nsplit=0       
Adding centroids to quantizer
hnsw.efConstruction: 80
hnsw.efSearch: 64
hnsw_add_vertices: adding 10000 elements on top of 0 (preset_levels=0)
  max_level = 1
Adding 67 elements at level 1
Adding 9933 elements at level 0
Done in 609.160 ms
Training IVF residual
IndexIVF: no residual training
Time taken to train index: 630.3178s
Time taken to read base set: 0.2941s
IndexIVFFlat::add_core: added 1000000 / 1000000 vectors
Time taken to add base vectors to the index: 32.3739s
Time taken to read query set: 0.0020s
Time taken to read groundtruth: 0.0020s
Time taken to search 10000 queries: 2.5603s
R@1 = 0.9745
R@10 = 0.9828
R@100 = 0.9828
