num_threads: 28
Time taken to read training set: 0.2622s
Training level-1 quantizer
Training L2 quantizer on 1000000 vectors in 128D
Clustering 1000000 points in 128D to 10000 clusters, redo 1 times, 10 iterations
  Preprocessing in 0.52 s
  Iteration 0 (56.61 s, search 56.48 s): objective=5.92911e+10 imbalance=1.771 nsplit=3         Iteration 1 (115.29 s, search 115.08 s): objective=4.34677e+10 imbalance=1.368 nsplit=0         Iteration 2 (176.00 s, search 175.70 s): objective=4.22134e+10 imbalance=1.281 nsplit=0         Iteration 3 (238.11 s, search 237.69 s): objective=4.16853e+10 imbalance=1.244 nsplit=0         Iteration 4 (295.46 s, search 294.95 s): objective=4.13846e+10 imbalance=1.225 nsplit=0         Iteration 5 (358.49 s, search 357.90 s): objective=4.11885e+10 imbalance=1.213 nsplit=0         Iteration 6 (421.60 s, search 420.93 s): objective=4.10514e+10 imbalance=1.205 nsplit=0         Iteration 7 (485.75 s, search 485.01 s): objective=4.09481e+10 imbalance=1.199 nsplit=0         Iteration 8 (548.19 s, search 547.35 s): objective=4.08702e+10 imbalance=1.195 nsplit=0         Iteration 9 (607.90 s, search 606.98 s): objective=4.08091e+10 imbalance=1.192 nsplit=0       
Adding centroids to quantizer
hnsw.efConstruction: 40
hnsw.efSearch: 16
hnsw_add_vertices: adding 10000 elements on top of 0 (preset_levels=0)
  max_level = 1
Adding 67 elements at level 1
Adding 9933 elements at level 0
Done in 390.770 ms
Training IVF residual
IndexIVF: no residual training
Time taken to train index: 608.8203s
Time taken to read base set: 0.2954s
IndexIVFFlat::add_core: added 1000000 / 1000000 vectors
Time taken to add base vectors to the index: 12.0096s
Time taken to read query set: 0.0030s
Time taken to read groundtruth: 0.0036s
Time taken to search 10000 queries: 2.2996s
R@1 = 0.9708
R@10 = 0.9791
R@100 = 0.9791
