num_threads: 4
Time taken to read training set: 0.2810s
Training level-1 quantizer
Training L2 quantizer on 1000000 vectors in 128D
Clustering 1000000 points in 128D to 10000 clusters, redo 1 times, 10 iterations
  Preprocessing in 0.51 s
  Iteration 0 (109.83 s, search 109.55 s): objective=5.92911e+10 imbalance=1.771 nsplit=3         Iteration 1 (220.50 s, search 220.01 s): objective=4.34677e+10 imbalance=1.368 nsplit=0         Iteration 2 (333.05 s, search 332.37 s): objective=4.22134e+10 imbalance=1.281 nsplit=0         Iteration 3 (442.55 s, search 441.65 s): objective=4.16853e+10 imbalance=1.244 nsplit=0         Iteration 4 (550.06 s, search 548.94 s): objective=4.13846e+10 imbalance=1.225 nsplit=0         Iteration 5 (658.41 s, search 657.08 s): objective=4.11885e+10 imbalance=1.213 nsplit=0         Iteration 6 (766.89 s, search 765.33 s): objective=4.10514e+10 imbalance=1.205 nsplit=0         Iteration 7 (876.98 s, search 875.19 s): objective=4.09481e+10 imbalance=1.199 nsplit=0         Iteration 8 (984.95 s, search 982.96 s): objective=4.08702e+10 imbalance=1.195 nsplit=0         Iteration 9 (1091.44 s, search 1089.26 s): objective=4.08091e+10 imbalance=1.192 nsplit=0       
Adding centroids to quantizer
hnsw.efConstruction: 40
hnsw.efSearch: 16
hnsw_add_vertices: adding 10000 elements on top of 0 (preset_levels=0)
  max_level = 1
Adding 67 elements at level 1
Adding 9933 elements at level 0
Done in 1654.551 ms
Training IVF residual
IndexIVF: no residual training
Time taken to train index: 1093.6096s
Time taken to read base set: 0.2796s
IndexIVFFlat::add_core: added 1000000 / 1000000 vectors
Time taken to add base vectors to the index: 70.3338s
Time taken to read query set: 0.0029s
Time taken to read groundtruth: 0.0036s
Time taken to search 10000 queries: 13.2845s
R@1 = 0.9711
R@10 = 0.9793
R@100 = 0.9793
