num_threads: 28
Time taken to read training set: 0.2811s
hnsw.efConstruction: 640
hnsw.efSearch: 64
Training level-1 quantizer
Training L2 quantizer on 1000000 vectors in 128D
Clustering 1000000 points in 128D to 10000 clusters, redo 1 times, 10 iterations
  Preprocessing in 0.50 s
  Iteration 0 (62.57 s, search 62.42 s): objective=5.92911e+10 imbalance=1.771 nsplit=3         Iteration 1 (120.64 s, search 120.39 s): objective=4.34677e+10 imbalance=1.368 nsplit=0         Iteration 2 (181.77 s, search 181.45 s): objective=4.22134e+10 imbalance=1.281 nsplit=0         Iteration 3 (243.68 s, search 243.26 s): objective=4.16853e+10 imbalance=1.244 nsplit=0         Iteration 4 (302.33 s, search 301.84 s): objective=4.13846e+10 imbalance=1.225 nsplit=0         Iteration 5 (365.63 s, search 365.05 s): objective=4.11885e+10 imbalance=1.213 nsplit=0         Iteration 6 (427.20 s, search 426.52 s): objective=4.10514e+10 imbalance=1.205 nsplit=0         Iteration 7 (488.80 s, search 488.04 s): objective=4.09481e+10 imbalance=1.199 nsplit=0         Iteration 8 (551.50 s, search 550.66 s): objective=4.08702e+10 imbalance=1.195 nsplit=0         Iteration 9 (615.19 s, search 614.27 s): objective=4.08091e+10 imbalance=1.192 nsplit=0       
Adding centroids to quantizer
hnsw.efConstruction: 640
hnsw.efSearch: 64
hnsw_add_vertices: adding 10000 elements on top of 0 (preset_levels=0)
  max_level = 1
Adding 67 elements at level 1
Adding 9933 elements at level 0
Done in 1447.964 ms
Training IVF residual
IndexIVF: no residual training
Time taken to train index: 617.1463s
Time taken to read base set: 0.2982s
IndexIVFFlat::add_core: added 1000000 / 1000000 vectors
Time taken to add base vectors to the index: 15.7481s
Time taken to read query set: 0.0020s
Time taken to read groundtruth: 0.0022s
Time taken to search 10000 queries: 2.1905s
R@1 = 0.9734
R@10 = 0.9817
R@100 = 0.9817
