num_threads: 28
Time taken to read training set: 0.2696s
hnsw.efConstruction: 320
hnsw.efSearch: 64
Training level-1 quantizer
Training L2 quantizer on 1000000 vectors in 128D
Clustering 1000000 points in 128D to 10000 clusters, redo 1 times, 10 iterations
  Preprocessing in 0.50 s
  Iteration 0 (64.57 s, search 64.45 s): objective=5.92911e+10 imbalance=1.771 nsplit=3         Iteration 1 (125.88 s, search 125.69 s): objective=4.34677e+10 imbalance=1.368 nsplit=0         Iteration 2 (187.13 s, search 186.85 s): objective=4.22134e+10 imbalance=1.281 nsplit=0         Iteration 3 (247.61 s, search 247.23 s): objective=4.16853e+10 imbalance=1.244 nsplit=0         Iteration 4 (310.41 s, search 309.93 s): objective=4.13846e+10 imbalance=1.225 nsplit=0         Iteration 5 (373.20 s, search 372.62 s): objective=4.11885e+10 imbalance=1.213 nsplit=0         Iteration 6 (435.94 s, search 435.29 s): objective=4.10514e+10 imbalance=1.205 nsplit=0         Iteration 7 (497.49 s, search 496.77 s): objective=4.09481e+10 imbalance=1.199 nsplit=0         Iteration 8 (558.73 s, search 557.94 s): objective=4.08702e+10 imbalance=1.195 nsplit=0         Iteration 9 (621.89 s, search 621.00 s): objective=4.08091e+10 imbalance=1.192 nsplit=0       
Adding centroids to quantizer
hnsw.efConstruction: 320
hnsw.efSearch: 64
hnsw_add_vertices: adding 10000 elements on top of 0 (preset_levels=0)
  max_level = 1
Adding 67 elements at level 1
Adding 9933 elements at level 0
Done in 931.440 ms
Training IVF residual
IndexIVF: no residual training
Time taken to train index: 623.3311s
Time taken to read base set: 0.2928s
IndexIVFFlat::add_core: added 1000000 / 1000000 vectors
Time taken to add base vectors to the index: 15.5977s
Time taken to read query set: 0.0019s
Time taken to read groundtruth: 0.0021s
Time taken to search 10000 queries: 2.1589s
R@1 = 0.9731
R@10 = 0.9814
R@100 = 0.9814
